<?xml version="1.0" encoding="UTF-8"?>
<!-- Generated by org.testng.reporters.JUnitReportReporter -->
<testsuite hostname="NLPULTP7204778" failures="0" tests="3" name="extentReportexample.Imageexample" time="4.293" errors="0" timestamp="2023-07-31T12:51:39 IST" skipped="0">
  <testcase classname="extentReportexample.Imageexample" name="OpenWikipedia" time="0.601"/>
  <system-out/>
  <testcase classname="extentReportexample.Imageexample" name="OpenGoogle" time="2.040"/>
  <system-out/>
  <testcase classname="extentReportexample.Imageexample" name="OpenBrave" time="1.652"/>
  <system-out/>
</testsuite> <!-- extentReportexample.Imageexample -->
